c:\users\eleve\documents\cours\p1rv\tuto opengl moderne\tuto opengl moderne\x64\debug\vc142.pdb
c:\users\eleve\documents\cours\p1rv\tuto opengl moderne\tuto opengl moderne\x64\debug\vc142.idb
c:\users\eleve\documents\cours\p1rv\tuto opengl moderne\tuto opengl moderne\x64\debug\world_transform.obj
c:\users\eleve\documents\cours\p1rv\tuto opengl moderne\tuto opengl moderne\x64\debug\util.obj
c:\users\eleve\documents\cours\p1rv\tuto opengl moderne\tuto opengl moderne\x64\debug\tuto opengl moderne.obj
c:\users\eleve\documents\cours\p1rv\tuto opengl moderne\tuto opengl moderne\x64\debug\texture.obj
c:\users\eleve\documents\cours\p1rv\tuto opengl moderne\tuto opengl moderne\x64\debug\technique.obj
c:\users\eleve\documents\cours\p1rv\tuto opengl moderne\tuto opengl moderne\x64\debug\stb_image.obj
c:\users\eleve\documents\cours\p1rv\tuto opengl moderne\tuto opengl moderne\x64\debug\pipeline.obj
c:\users\eleve\documents\cours\p1rv\tuto opengl moderne\tuto opengl moderne\x64\debug\math_3d.obj
c:\users\eleve\documents\cours\p1rv\tuto opengl moderne\tuto opengl moderne\x64\debug\lightingtechnique.obj
c:\users\eleve\documents\cours\p1rv\tuto opengl moderne\tuto opengl moderne\x64\debug\camera.obj
c:\users\eleve\documents\cours\p1rv\tuto opengl moderne\tuto opengl moderne\x64\debug\basicmesh.obj
c:\users\eleve\documents\cours\p1rv\tuto opengl moderne\tuto opengl moderne\x64\debug\tuto opengl moderne.ilk
c:\users\eleve\documents\cours\p1rv\tuto opengl moderne\x64\debug\tuto opengl moderne.exe
c:\users\eleve\documents\cours\p1rv\tuto opengl moderne\x64\debug\tuto opengl moderne.pdb
c:\users\eleve\documents\cours\p1rv\tuto opengl moderne\tuto opengl moderne\x64\debug\tuto ope.10fb8758.tlog\cl.command.1.tlog
c:\users\eleve\documents\cours\p1rv\tuto opengl moderne\tuto opengl moderne\x64\debug\tuto ope.10fb8758.tlog\cl.read.1.tlog
c:\users\eleve\documents\cours\p1rv\tuto opengl moderne\tuto opengl moderne\x64\debug\tuto ope.10fb8758.tlog\cl.write.1.tlog
c:\users\eleve\documents\cours\p1rv\tuto opengl moderne\tuto opengl moderne\x64\debug\tuto ope.10fb8758.tlog\link.command.1.tlog
c:\users\eleve\documents\cours\p1rv\tuto opengl moderne\tuto opengl moderne\x64\debug\tuto ope.10fb8758.tlog\link.read.1.tlog
c:\users\eleve\documents\cours\p1rv\tuto opengl moderne\tuto opengl moderne\x64\debug\tuto ope.10fb8758.tlog\link.write.1.tlog
