  Tuto OpenGL MODERNE.cpp
C:\Dev\ImageMagick-7.1.0-Q16-HDRI\include\Magick++\Drawable.h(463,18): warning C4251: 'Magick::DrawableBezier::_coordinates' : class 'std::vector<Magick::Coordinate,std::allocator<Magick::Coordinate>>' nécessite une interface DLL pour être utilisé(e) par les clients de class 'Magick::DrawableBezier'
C:\Dev\ImageMagick-7.1.0-Q16-HDRI\include\Magick++\Drawable.h(71): message : voir la déclaration de 'std::vector<Magick::Coordinate,std::allocator<Magick::Coordinate>>'
C:\Dev\ImageMagick-7.1.0-Q16-HDRI\include\Magick++\Drawable.h(572,15): warning C4251: 'Magick::DrawablePushClipPath::_id' : class 'std::basic_string<char,std::char_traits<char>,std::allocator<char>>' nécessite une interface DLL pour être utilisé(e) par les clients de class 'Magick::DrawablePushClipPath'
C:\Program Files (x86)\Microsoft Visual Studio\2019\Professional\VC\Tools\MSVC\14.29.30037\include\xstring(4905): message : voir la déclaration de 'std::basic_string<char,std::char_traits<char>,std::allocator<char>>'
C:\Dev\ImageMagick-7.1.0-Q16-HDRI\include\Magick++\Drawable.h(600,17): warning C4251: 'Magick::DrawableClipPath::_id' : class 'std::basic_string<char,std::char_traits<char>,std::allocator<char>>' nécessite une interface DLL pour être utilisé(e) par les clients de class 'Magick::DrawableClipPath'
C:\Program Files (x86)\Microsoft Visual Studio\2019\Professional\VC\Tools\MSVC\14.29.30037\include\xstring(4905): message : voir la déclaration de 'std::basic_string<char,std::char_traits<char>,std::allocator<char>>'
C:\Dev\ImageMagick-7.1.0-Q16-HDRI\include\Magick++\Drawable.h(844,15): warning C4251: 'Magick::DrawableDensity::_density' : class 'std::basic_string<char,std::char_traits<char>,std::allocator<char>>' nécessite une interface DLL pour être utilisé(e) par les clients de class 'Magick::DrawableDensity'
C:\Program Files (x86)\Microsoft Visual Studio\2019\Professional\VC\Tools\MSVC\14.29.30037\include\xstring(4905): message : voir la déclaration de 'std::basic_string<char,std::char_traits<char>,std::allocator<char>>'
C:\Dev\ImageMagick-7.1.0-Q16-HDRI\include\Magick++\Drawable.h(986,17): warning C4251: 'Magick::DrawableFillPatternUrl::_url' : class 'std::basic_string<char,std::char_traits<char>,std::allocator<char>>' nécessite une interface DLL pour être utilisé(e) par les clients de class 'Magick::DrawableFillPatternUrl'
C:\Program Files (x86)\Microsoft Visual Studio\2019\Professional\VC\Tools\MSVC\14.29.30037\include\xstring(4905): message : voir la déclaration de 'std::basic_string<char,std::char_traits<char>,std::allocator<char>>'
C:\Dev\ImageMagick-7.1.0-Q16-HDRI\include\Magick++\Drawable.h(1081,17): warning C4251: 'Magick::DrawableFont::_font' : class 'std::basic_string<char,std::char_traits<char>,std::allocator<char>>' nécessite une interface DLL pour être utilisé(e) par les clients de class 'Magick::DrawableFont'
C:\Program Files (x86)\Microsoft Visual Studio\2019\Professional\VC\Tools\MSVC\14.29.30037\include\xstring(4905): message : voir la déclaration de 'std::basic_string<char,std::char_traits<char>,std::allocator<char>>'
C:\Dev\ImageMagick-7.1.0-Q16-HDRI\include\Magick++\Drawable.h(1082,17): warning C4251: 'Magick::DrawableFont::_family' : class 'std::basic_string<char,std::char_traits<char>,std::allocator<char>>' nécessite une interface DLL pour être utilisé(e) par les clients de class 'Magick::DrawableFont'
C:\Program Files (x86)\Microsoft Visual Studio\2019\Professional\VC\Tools\MSVC\14.29.30037\include\xstring(4905): message : voir la déclaration de 'std::basic_string<char,std::char_traits<char>,std::allocator<char>>'
C:\Dev\ImageMagick-7.1.0-Q16-HDRI\include\Magick++\Drawable.h(1198,13): warning C4251: 'Magick::DrawablePath::_path' : class 'std::vector<Magick::VPath,std::allocator<Magick::VPath>>' nécessite une interface DLL pour être utilisé(e) par les clients de class 'Magick::DrawablePath'
C:\Dev\ImageMagick-7.1.0-Q16-HDRI\include\Magick++\Drawable.h(207): message : voir la déclaration de 'std::vector<Magick::VPath,std::allocator<Magick::VPath>>'
C:\Dev\ImageMagick-7.1.0-Q16-HDRI\include\Magick++\Drawable.h(1287,18): warning C4251: 'Magick::DrawablePolygon::_coordinates' : class 'std::vector<Magick::Coordinate,std::allocator<Magick::Coordinate>>' nécessite une interface DLL pour être utilisé(e) par les clients de class 'Magick::DrawablePolygon'
C:\Dev\ImageMagick-7.1.0-Q16-HDRI\include\Magick++\Drawable.h(71): message : voir la déclaration de 'std::vector<Magick::Coordinate,std::allocator<Magick::Coordinate>>'
C:\Dev\ImageMagick-7.1.0-Q16-HDRI\include\Magick++\Drawable.h(1307,18): warning C4251: 'Magick::DrawablePolyline::_coordinates' : class 'std::vector<Magick::Coordinate,std::allocator<Magick::Coordinate>>' nécessite une interface DLL pour être utilisé(e) par les clients de class 'Magick::DrawablePolyline'
C:\Dev\ImageMagick-7.1.0-Q16-HDRI\include\Magick++\Drawable.h(71): message : voir la déclaration de 'std::vector<Magick::Coordinate,std::allocator<Magick::Coordinate>>'
C:\Dev\ImageMagick-7.1.0-Q16-HDRI\include\Magick++\Drawable.h(1391,23): warning C4251: 'Magick::DrawablePushPattern::_id' : class 'std::basic_string<char,std::char_traits<char>,std::allocator<char>>' nécessite une interface DLL pour être utilisé(e) par les clients de class 'Magick::DrawablePushPattern'
C:\Program Files (x86)\Microsoft Visual Studio\2019\Professional\VC\Tools\MSVC\14.29.30037\include\xstring(4905): message : voir la déclaration de 'std::basic_string<char,std::char_traits<char>,std::allocator<char>>'
C:\Dev\ImageMagick-7.1.0-Q16-HDRI\include\Magick++\Drawable.h(1877,15): warning C4251: 'Magick::DrawableStrokePatternUrl::_url' : class 'std::basic_string<char,std::char_traits<char>,std::allocator<char>>' nécessite une interface DLL pour être utilisé(e) par les clients de class 'Magick::DrawableStrokePatternUrl'
C:\Program Files (x86)\Microsoft Visual Studio\2019\Professional\VC\Tools\MSVC\14.29.30037\include\xstring(4905): message : voir la déclaration de 'std::basic_string<char,std::char_traits<char>,std::allocator<char>>'
C:\Dev\ImageMagick-7.1.0-Q16-HDRI\include\Magick++\Drawable.h(2053,15): warning C4251: 'Magick::DrawableText::_text' : class 'std::basic_string<char,std::char_traits<char>,std::allocator<char>>' nécessite une interface DLL pour être utilisé(e) par les clients de class 'Magick::DrawableText'
C:\Program Files (x86)\Microsoft Visual Studio\2019\Professional\VC\Tools\MSVC\14.29.30037\include\xstring(4905): message : voir la déclaration de 'std::basic_string<char,std::char_traits<char>,std::allocator<char>>'
C:\Dev\ImageMagick-7.1.0-Q16-HDRI\include\Magick++\Drawable.h(2054,15): warning C4251: 'Magick::DrawableText::_encoding' : class 'std::basic_string<char,std::char_traits<char>,std::allocator<char>>' nécessite une interface DLL pour être utilisé(e) par les clients de class 'Magick::DrawableText'
C:\Program Files (x86)\Microsoft Visual Studio\2019\Professional\VC\Tools\MSVC\14.29.30037\include\xstring(4905): message : voir la déclaration de 'std::basic_string<char,std::char_traits<char>,std::allocator<char>>'
C:\Dev\ImageMagick-7.1.0-Q16-HDRI\include\Magick++\Drawable.h(2489,19): warning C4251: 'Magick::PathArcAbs::_coordinates' : class 'std::vector<Magick::PathArcArgs,std::allocator<Magick::PathArcArgs>>' nécessite une interface DLL pour être utilisé(e) par les clients de class 'Magick::PathArcAbs'
C:\Dev\ImageMagick-7.1.0-Q16-HDRI\include\Magick++\Drawable.h(2454): message : voir la déclaration de 'std::vector<Magick::PathArcArgs,std::allocator<Magick::PathArcArgs>>'
C:\Dev\ImageMagick-7.1.0-Q16-HDRI\include\Magick++\Drawable.h(2511,19): warning C4251: 'Magick::PathArcRel::_coordinates' : class 'std::vector<Magick::PathArcArgs,std::allocator<Magick::PathArcArgs>>' nécessite une interface DLL pour être utilisé(e) par les clients de class 'Magick::PathArcRel'
C:\Dev\ImageMagick-7.1.0-Q16-HDRI\include\Magick++\Drawable.h(2454): message : voir la déclaration de 'std::vector<Magick::PathArcArgs,std::allocator<Magick::PathArcArgs>>'
C:\Dev\ImageMagick-7.1.0-Q16-HDRI\include\Magick++\Drawable.h(2662,23): warning C4251: 'Magick::PathCurvetoAbs::_args' : class 'std::vector<Magick::PathCurvetoArgs,std::allocator<Magick::PathCurvetoArgs>>' nécessite une interface DLL pour être utilisé(e) par les clients de class 'Magick::PathCurvetoAbs'
C:\Dev\ImageMagick-7.1.0-Q16-HDRI\include\Magick++\Drawable.h(2628): message : voir la déclaration de 'std::vector<Magick::PathCurvetoArgs,std::allocator<Magick::PathCurvetoArgs>>'
C:\Dev\ImageMagick-7.1.0-Q16-HDRI\include\Magick++\Drawable.h(2685,23): warning C4251: 'Magick::PathCurvetoRel::_args' : class 'std::vector<Magick::PathCurvetoArgs,std::allocator<Magick::PathCurvetoArgs>>' nécessite une interface DLL pour être utilisé(e) par les clients de class 'Magick::PathCurvetoRel'
C:\Dev\ImageMagick-7.1.0-Q16-HDRI\include\Magick++\Drawable.h(2628): message : voir la déclaration de 'std::vector<Magick::PathCurvetoArgs,std::allocator<Magick::PathCurvetoArgs>>'
C:\Dev\ImageMagick-7.1.0-Q16-HDRI\include\Magick++\Drawable.h(2709,18): warning C4251: 'Magick::PathSmoothCurvetoAbs::_coordinates' : class 'std::vector<Magick::Coordinate,std::allocator<Magick::Coordinate>>' nécessite une interface DLL pour être utilisé(e) par les clients de class 'Magick::PathSmoothCurvetoAbs'
C:\Dev\ImageMagick-7.1.0-Q16-HDRI\include\Magick++\Drawable.h(71): message : voir la déclaration de 'std::vector<Magick::Coordinate,std::allocator<Magick::Coordinate>>'
C:\Dev\ImageMagick-7.1.0-Q16-HDRI\include\Magick++\Drawable.h(2734,18): warning C4251: 'Magick::PathSmoothCurvetoRel::_coordinates' : class 'std::vector<Magick::Coordinate,std::allocator<Magick::Coordinate>>' nécessite une interface DLL pour être utilisé(e) par les clients de class 'Magick::PathSmoothCurvetoRel'
C:\Dev\ImageMagick-7.1.0-Q16-HDRI\include\Magick++\Drawable.h(71): message : voir la déclaration de 'std::vector<Magick::Coordinate,std::allocator<Magick::Coordinate>>'
C:\Dev\ImageMagick-7.1.0-Q16-HDRI\include\Magick++\Drawable.h(2843,32): warning C4251: 'Magick::PathQuadraticCurvetoAbs::_args' : class 'std::vector<Magick::PathQuadraticCurvetoArgs,std::allocator<Magick::PathQuadraticCurvetoArgs>>' nécessite une interface DLL pour être utilisé(e) par les clients de class 'Magick::PathQuadraticCurvetoAbs'
C:\Dev\ImageMagick-7.1.0-Q16-HDRI\include\Magick++\Drawable.h(2809): message : voir la déclaration de 'std::vector<Magick::PathQuadraticCurvetoArgs,std::allocator<Magick::PathQuadraticCurvetoArgs>>'
C:\Dev\ImageMagick-7.1.0-Q16-HDRI\include\Magick++\Drawable.h(2867,32): warning C4251: 'Magick::PathQuadraticCurvetoRel::_args' : class 'std::vector<Magick::PathQuadraticCurvetoArgs,std::allocator<Magick::PathQuadraticCurvetoArgs>>' nécessite une interface DLL pour être utilisé(e) par les clients de class 'Magick::PathQuadraticCurvetoRel'
C:\Dev\ImageMagick-7.1.0-Q16-HDRI\include\Magick++\Drawable.h(2809): message : voir la déclaration de 'std::vector<Magick::PathQuadraticCurvetoArgs,std::allocator<Magick::PathQuadraticCurvetoArgs>>'
C:\Dev\ImageMagick-7.1.0-Q16-HDRI\include\Magick++\Drawable.h(2891,18): warning C4251: 'Magick::PathSmoothQuadraticCurvetoAbs::_coordinates' : class 'std::vector<Magick::Coordinate,std::allocator<Magick::Coordinate>>' nécessite une interface DLL pour être utilisé(e) par les clients de class 'Magick::PathSmoothQuadraticCurvetoAbs'
C:\Dev\ImageMagick-7.1.0-Q16-HDRI\include\Magick++\Drawable.h(71): message : voir la déclaration de 'std::vector<Magick::Coordinate,std::allocator<Magick::Coordinate>>'
C:\Dev\ImageMagick-7.1.0-Q16-HDRI\include\Magick++\Drawable.h(2915,18): warning C4251: 'Magick::PathSmoothQuadraticCurvetoRel::_coordinates' : class 'std::vector<Magick::Coordinate,std::allocator<Magick::Coordinate>>' nécessite une interface DLL pour être utilisé(e) par les clients de class 'Magick::PathSmoothQuadraticCurvetoRel'
C:\Dev\ImageMagick-7.1.0-Q16-HDRI\include\Magick++\Drawable.h(71): message : voir la déclaration de 'std::vector<Magick::Coordinate,std::allocator<Magick::Coordinate>>'
C:\Dev\ImageMagick-7.1.0-Q16-HDRI\include\Magick++\Drawable.h(2943,18): warning C4251: 'Magick::PathLinetoAbs::_coordinates' : class 'std::vector<Magick::Coordinate,std::allocator<Magick::Coordinate>>' nécessite une interface DLL pour être utilisé(e) par les clients de class 'Magick::PathLinetoAbs'
C:\Dev\ImageMagick-7.1.0-Q16-HDRI\include\Magick++\Drawable.h(71): message : voir la déclaration de 'std::vector<Magick::Coordinate,std::allocator<Magick::Coordinate>>'
C:\Dev\ImageMagick-7.1.0-Q16-HDRI\include\Magick++\Drawable.h(2967,18): warning C4251: 'Magick::PathLinetoRel::_coordinates' : class 'std::vector<Magick::Coordinate,std::allocator<Magick::Coordinate>>' nécessite une interface DLL pour être utilisé(e) par les clients de class 'Magick::PathLinetoRel'
C:\Dev\ImageMagick-7.1.0-Q16-HDRI\include\Magick++\Drawable.h(71): message : voir la déclaration de 'std::vector<Magick::Coordinate,std::allocator<Magick::Coordinate>>'
C:\Dev\ImageMagick-7.1.0-Q16-HDRI\include\Magick++\Drawable.h(3109,18): warning C4251: 'Magick::PathMovetoAbs::_coordinates' : class 'std::vector<Magick::Coordinate,std::allocator<Magick::Coordinate>>' nécessite une interface DLL pour être utilisé(e) par les clients de class 'Magick::PathMovetoAbs'
C:\Dev\ImageMagick-7.1.0-Q16-HDRI\include\Magick++\Drawable.h(71): message : voir la déclaration de 'std::vector<Magick::Coordinate,std::allocator<Magick::Coordinate>>'
C:\Dev\ImageMagick-7.1.0-Q16-HDRI\include\Magick++\Drawable.h(3133,18): warning C4251: 'Magick::PathMovetoRel::_coordinates' : class 'std::vector<Magick::Coordinate,std::allocator<Magick::Coordinate>>' nécessite une interface DLL pour être utilisé(e) par les clients de class 'Magick::PathMovetoRel'
C:\Dev\ImageMagick-7.1.0-Q16-HDRI\include\Magick++\Drawable.h(71): message : voir la déclaration de 'std::vector<Magick::Coordinate,std::allocator<Magick::Coordinate>>'
C:\Dev\ImageMagick-7.1.0-Q16-HDRI\include\Magick++\Exception.h(23,3): warning C4275: interface non dll class 'std::exception' utilisée comme base d'une interface dll class 'Magick::Exception'
C:\Program Files (x86)\Microsoft Visual Studio\2019\Professional\VC\Tools\MSVC\14.29.30037\include\vcruntime_exception.h(48): message : voir la déclaration de 'std::exception'
C:\Dev\ImageMagick-7.1.0-Q16-HDRI\include\Magick++\Exception.h(22): message : voir la déclaration de 'Magick::Exception'
C:\Dev\ImageMagick-7.1.0-Q16-HDRI\include\Magick++\Exception.h(56,17): warning C4251: 'Magick::Exception::_what' : class 'std::basic_string<char,std::char_traits<char>,std::allocator<char>>' nécessite une interface DLL pour être utilisé(e) par les clients de class 'Magick::Exception'
C:\Program Files (x86)\Microsoft Visual Studio\2019\Professional\VC\Tools\MSVC\14.29.30037\include\xstring(4905): message : voir la déclaration de 'std::basic_string<char,std::char_traits<char>,std::allocator<char>>'
C:\Dev\ImageMagick-7.1.0-Q16-HDRI\include\Magick++\Statistic.h(70,25): warning C4251: 'Magick::ChannelMoments::_huInvariants' : class 'std::vector<double,std::allocator<double>>' nécessite une interface DLL pour être utilisé(e) par les clients de class 'Magick::ChannelMoments'
C:\Dev\ImageMagick-7.1.0-Q16-HDRI\include\Magick++\Statistic.h(70): message : voir la déclaration de 'std::vector<double,std::allocator<double>>'
C:\Dev\ImageMagick-7.1.0-Q16-HDRI\include\Magick++\Statistic.h(125,25): warning C4251: 'Magick::ChannelPerceptualHash::_srgbHuPhash' : class 'std::vector<double,std::allocator<double>>' nécessite une interface DLL pour être utilisé(e) par les clients de class 'Magick::ChannelPerceptualHash'
C:\Dev\ImageMagick-7.1.0-Q16-HDRI\include\Magick++\Statistic.h(70): message : voir la déclaration de 'std::vector<double,std::allocator<double>>'
C:\Dev\ImageMagick-7.1.0-Q16-HDRI\include\Magick++\Statistic.h(126,25): warning C4251: 'Magick::ChannelPerceptualHash::_hclpHuPhash' : class 'std::vector<double,std::allocator<double>>' nécessite une interface DLL pour être utilisé(e) par les clients de class 'Magick::ChannelPerceptualHash'
C:\Dev\ImageMagick-7.1.0-Q16-HDRI\include\Magick++\Statistic.h(70): message : voir la déclaration de 'std::vector<double,std::allocator<double>>'
C:\Dev\ImageMagick-7.1.0-Q16-HDRI\include\Magick++\Statistic.h(240,33): warning C4251: 'Magick::ImageMoments::_channels' : class 'std::vector<Magick::ChannelMoments,std::allocator<Magick::ChannelMoments>>' nécessite une interface DLL pour être utilisé(e) par les clients de class 'Magick::ImageMoments'
C:\Dev\ImageMagick-7.1.0-Q16-HDRI\include\Magick++\Statistic.h(240): message : voir la déclaration de 'std::vector<Magick::ChannelMoments,std::allocator<Magick::ChannelMoments>>'
C:\Dev\ImageMagick-7.1.0-Q16-HDRI\include\Magick++\Statistic.h(278,40): warning C4251: 'Magick::ImagePerceptualHash::_channels' : class 'std::vector<Magick::ChannelPerceptualHash,std::allocator<Magick::ChannelPerceptualHash>>' nécessite une interface DLL pour être utilisé(e) par les clients de class 'Magick::ImagePerceptualHash'
C:\Dev\ImageMagick-7.1.0-Q16-HDRI\include\Magick++\Statistic.h(278): message : voir la déclaration de 'std::vector<Magick::ChannelPerceptualHash,std::allocator<Magick::ChannelPerceptualHash>>'
C:\Dev\ImageMagick-7.1.0-Q16-HDRI\include\Magick++\Statistic.h(303,36): warning C4251: 'Magick::ImageStatistics::_channels' : class 'std::vector<Magick::ChannelStatistics,std::allocator<Magick::ChannelStatistics>>' nécessite une interface DLL pour être utilisé(e) par les clients de class 'Magick::ImageStatistics'
C:\Dev\ImageMagick-7.1.0-Q16-HDRI\include\Magick++\Statistic.h(303): message : voir la déclaration de 'std::vector<Magick::ChannelStatistics,std::allocator<Magick::ChannelStatistics>>'
C:\Dev\ImageMagick-7.1.0-Q16-HDRI\include\Magick++\CoderInfo.h(76,17): warning C4251: 'Magick::CoderInfo::_description' : class 'std::basic_string<char,std::char_traits<char>,std::allocator<char>>' nécessite une interface DLL pour être utilisé(e) par les clients de class 'Magick::CoderInfo'
C:\Program Files (x86)\Microsoft Visual Studio\2019\Professional\VC\Tools\MSVC\14.29.30037\include\xstring(4905): message : voir la déclaration de 'std::basic_string<char,std::char_traits<char>,std::allocator<char>>'
C:\Dev\ImageMagick-7.1.0-Q16-HDRI\include\Magick++\CoderInfo.h(81,17): warning C4251: 'Magick::CoderInfo::_mimeType' : class 'std::basic_string<char,std::char_traits<char>,std::allocator<char>>' nécessite une interface DLL pour être utilisé(e) par les clients de class 'Magick::CoderInfo'
C:\Program Files (x86)\Microsoft Visual Studio\2019\Professional\VC\Tools\MSVC\14.29.30037\include\xstring(4905): message : voir la déclaration de 'std::basic_string<char,std::char_traits<char>,std::allocator<char>>'
C:\Dev\ImageMagick-7.1.0-Q16-HDRI\include\Magick++\CoderInfo.h(82,17): warning C4251: 'Magick::CoderInfo::_module' : class 'std::basic_string<char,std::char_traits<char>,std::allocator<char>>' nécessite une interface DLL pour être utilisé(e) par les clients de class 'Magick::CoderInfo'
C:\Program Files (x86)\Microsoft Visual Studio\2019\Professional\VC\Tools\MSVC\14.29.30037\include\xstring(4905): message : voir la déclaration de 'std::basic_string<char,std::char_traits<char>,std::allocator<char>>'
C:\Dev\ImageMagick-7.1.0-Q16-HDRI\include\Magick++\CoderInfo.h(83,17): warning C4251: 'Magick::CoderInfo::_name' : class 'std::basic_string<char,std::char_traits<char>,std::allocator<char>>' nécessite une interface DLL pour être utilisé(e) par les clients de class 'Magick::CoderInfo'
C:\Program Files (x86)\Microsoft Visual Studio\2019\Professional\VC\Tools\MSVC\14.29.30037\include\xstring(4905): message : voir la déclaration de 'std::basic_string<char,std::char_traits<char>,std::allocator<char>>'
C:\Dev\ImageMagick-7.1.0-Q16-HDRI\include\Magick++\Montage.h(98,17): warning C4251: 'Magick::Montage::_fileName' : class 'std::basic_string<char,std::char_traits<char>,std::allocator<char>>' nécessite une interface DLL pour être utilisé(e) par les clients de class 'Magick::Montage'
C:\Program Files (x86)\Microsoft Visual Studio\2019\Professional\VC\Tools\MSVC\14.29.30037\include\xstring(4905): message : voir la déclaration de 'std::basic_string<char,std::char_traits<char>,std::allocator<char>>'
C:\Dev\ImageMagick-7.1.0-Q16-HDRI\include\Magick++\Montage.h(100,17): warning C4251: 'Magick::Montage::_font' : class 'std::basic_string<char,std::char_traits<char>,std::allocator<char>>' nécessite une interface DLL pour être utilisé(e) par les clients de class 'Magick::Montage'
C:\Program Files (x86)\Microsoft Visual Studio\2019\Professional\VC\Tools\MSVC\14.29.30037\include\xstring(4905): message : voir la déclaration de 'std::basic_string<char,std::char_traits<char>,std::allocator<char>>'
C:\Dev\ImageMagick-7.1.0-Q16-HDRI\include\Magick++\Montage.h(103,17): warning C4251: 'Magick::Montage::_label' : class 'std::basic_string<char,std::char_traits<char>,std::allocator<char>>' nécessite une interface DLL pour être utilisé(e) par les clients de class 'Magick::Montage'
C:\Program Files (x86)\Microsoft Visual Studio\2019\Professional\VC\Tools\MSVC\14.29.30037\include\xstring(4905): message : voir la déclaration de 'std::basic_string<char,std::char_traits<char>,std::allocator<char>>'
C:\Dev\ImageMagick-7.1.0-Q16-HDRI\include\Magick++\Montage.h(107,17): warning C4251: 'Magick::Montage::_texture' : class 'std::basic_string<char,std::char_traits<char>,std::allocator<char>>' nécessite une interface DLL pour être utilisé(e) par les clients de class 'Magick::Montage'
C:\Program Files (x86)\Microsoft Visual Studio\2019\Professional\VC\Tools\MSVC\14.29.30037\include\xstring(4905): message : voir la déclaration de 'std::basic_string<char,std::char_traits<char>,std::allocator<char>>'
C:\Dev\ImageMagick-7.1.0-Q16-HDRI\include\Magick++\Montage.h(109,17): warning C4251: 'Magick::Montage::_title' : class 'std::basic_string<char,std::char_traits<char>,std::allocator<char>>' nécessite une interface DLL pour être utilisé(e) par les clients de class 'Magick::Montage'
C:\Program Files (x86)\Microsoft Visual Studio\2019\Professional\VC\Tools\MSVC\14.29.30037\include\xstring(4905): message : voir la déclaration de 'std::basic_string<char,std::char_traits<char>,std::allocator<char>>'
C:\Dev\ImageMagick-7.1.0-Q16-HDRI\include\Magick++\STL.h(132,25): warning C4251: 'Magick::annotateImage::_text' : class 'std::basic_string<char,std::char_traits<char>,std::allocator<char>>' nécessite une interface DLL pour être utilisé(e) par les clients de class 'Magick::annotateImage'
C:\Program Files (x86)\Microsoft Visual Studio\2019\Professional\VC\Tools\MSVC\14.29.30037\include\xstring(4905): message : voir la déclaration de 'std::basic_string<char,std::char_traits<char>,std::allocator<char>>'
C:\Dev\ImageMagick-7.1.0-Q16-HDRI\include\Magick++\STL.h(211,19): warning C4251: 'Magick::cdlImage::_cdl' : class 'std::basic_string<char,std::char_traits<char>,std::allocator<char>>' nécessite une interface DLL pour être utilisé(e) par les clients de class 'Magick::cdlImage'
C:\Program Files (x86)\Microsoft Visual Studio\2019\Professional\VC\Tools\MSVC\14.29.30037\include\xstring(4905): message : voir la déclaration de 'std::basic_string<char,std::char_traits<char>,std::allocator<char>>'
C:\Dev\ImageMagick-7.1.0-Q16-HDRI\include\Magick++\STL.h(271,17): warning C4251: 'Magick::commentImage::_comment' : class 'std::basic_string<char,std::char_traits<char>,std::allocator<char>>' nécessite une interface DLL pour être utilisé(e) par les clients de class 'Magick::commentImage'
C:\Program Files (x86)\Microsoft Visual Studio\2019\Professional\VC\Tools\MSVC\14.29.30037\include\xstring(4905): message : voir la déclaration de 'std::basic_string<char,std::char_traits<char>,std::allocator<char>>'
C:\Dev\ImageMagick-7.1.0-Q16-HDRI\include\Magick++\STL.h(383,18): warning C4251: 'Magick::drawImage::_drawableList' : class 'std::vector<Magick::Drawable,std::allocator<Magick::Drawable>>' nécessite une interface DLL pour être utilisé(e) par les clients de class 'Magick::drawImage'
C:\Dev\ImageMagick-7.1.0-Q16-HDRI\include\Magick++\Drawable.h(144): message : voir la déclaration de 'std::vector<Magick::Drawable,std::allocator<Magick::Drawable>>'
C:\Dev\ImageMagick-7.1.0-Q16-HDRI\include\Magick++\STL.h(662,17): warning C4251: 'Magick::labelImage::_label' : class 'std::basic_string<char,std::char_traits<char>,std::allocator<char>>' nécessite une interface DLL pour être utilisé(e) par les clients de class 'Magick::labelImage'
C:\Program Files (x86)\Microsoft Visual Studio\2019\Professional\VC\Tools\MSVC\14.29.30037\include\xstring(4905): message : voir la déclaration de 'std::basic_string<char,std::char_traits<char>,std::allocator<char>>'
C:\Dev\ImageMagick-7.1.0-Q16-HDRI\include\Magick++\STL.h(1292,17): warning C4251: 'Magick::backgroundTextureImage::_backgroundTexture' : class 'std::basic_string<char,std::char_traits<char>,std::allocator<char>>' nécessite une interface DLL pour être utilisé(e) par les clients de class 'Magick::backgroundTextureImage'
C:\Program Files (x86)\Microsoft Visual Studio\2019\Professional\VC\Tools\MSVC\14.29.30037\include\xstring(4905): message : voir la déclaration de 'std::basic_string<char,std::char_traits<char>,std::allocator<char>>'
C:\Dev\ImageMagick-7.1.0-Q16-HDRI\include\Magick++\STL.h(1471,17): warning C4251: 'Magick::fileNameImage::_fileName' : class 'std::basic_string<char,std::char_traits<char>,std::allocator<char>>' nécessite une interface DLL pour être utilisé(e) par les clients de class 'Magick::fileNameImage'
C:\Program Files (x86)\Microsoft Visual Studio\2019\Professional\VC\Tools\MSVC\14.29.30037\include\xstring(4905): message : voir la déclaration de 'std::basic_string<char,std::char_traits<char>,std::allocator<char>>'
C:\Dev\ImageMagick-7.1.0-Q16-HDRI\include\Magick++\STL.h(1495,17): warning C4251: 'Magick::fontImage::_font' : class 'std::basic_string<char,std::char_traits<char>,std::allocator<char>>' nécessite une interface DLL pour être utilisé(e) par les clients de class 'Magick::fontImage'
C:\Program Files (x86)\Microsoft Visual Studio\2019\Professional\VC\Tools\MSVC\14.29.30037\include\xstring(4905): message : voir la déclaration de 'std::basic_string<char,std::char_traits<char>,std::allocator<char>>'
C:\Dev\ImageMagick-7.1.0-Q16-HDRI\include\Magick++\STL.h(1543,17): warning C4251: 'Magick::magickImage::_magick' : class 'std::basic_string<char,std::char_traits<char>,std::allocator<char>>' nécessite une interface DLL pour être utilisé(e) par les clients de class 'Magick::magickImage'
C:\Program Files (x86)\Microsoft Visual Studio\2019\Professional\VC\Tools\MSVC\14.29.30037\include\xstring(4905): message : voir la déclaration de 'std::basic_string<char,std::char_traits<char>,std::allocator<char>>'
C:\Dev\ImageMagick-7.1.0-Q16-HDRI\include\Magick++\STL.h(1840,17): warning C4251: 'Magick::x11DisplayImage::_display' : class 'std::basic_string<char,std::char_traits<char>,std::allocator<char>>' nécessite une interface DLL pour être utilisé(e) par les clients de class 'Magick::x11DisplayImage'
C:\Program Files (x86)\Microsoft Visual Studio\2019\Professional\VC\Tools\MSVC\14.29.30037\include\xstring(4905): message : voir la déclaration de 'std::basic_string<char,std::char_traits<char>,std::allocator<char>>'
  skybox.cpp
C:\Dev\ImageMagick-7.1.0-Q16-HDRI\include\Magick++\Drawable.h(463,18): warning C4251: 'Magick::DrawableBezier::_coordinates' : class 'std::vector<Magick::Coordinate,std::allocator<Magick::Coordinate>>' nécessite une interface DLL pour être utilisé(e) par les clients de class 'Magick::DrawableBezier'
C:\Dev\ImageMagick-7.1.0-Q16-HDRI\include\Magick++\Drawable.h(71): message : voir la déclaration de 'std::vector<Magick::Coordinate,std::allocator<Magick::Coordinate>>'
C:\Dev\ImageMagick-7.1.0-Q16-HDRI\include\Magick++\Drawable.h(572,15): warning C4251: 'Magick::DrawablePushClipPath::_id' : class 'std::basic_string<char,std::char_traits<char>,std::allocator<char>>' nécessite une interface DLL pour être utilisé(e) par les clients de class 'Magick::DrawablePushClipPath'
C:\Program Files (x86)\Microsoft Visual Studio\2019\Professional\VC\Tools\MSVC\14.29.30037\include\xstring(4905): message : voir la déclaration de 'std::basic_string<char,std::char_traits<char>,std::allocator<char>>'
C:\Dev\ImageMagick-7.1.0-Q16-HDRI\include\Magick++\Drawable.h(600,17): warning C4251: 'Magick::DrawableClipPath::_id' : class 'std::basic_string<char,std::char_traits<char>,std::allocator<char>>' nécessite une interface DLL pour être utilisé(e) par les clients de class 'Magick::DrawableClipPath'
C:\Program Files (x86)\Microsoft Visual Studio\2019\Professional\VC\Tools\MSVC\14.29.30037\include\xstring(4905): message : voir la déclaration de 'std::basic_string<char,std::char_traits<char>,std::allocator<char>>'
C:\Dev\ImageMagick-7.1.0-Q16-HDRI\include\Magick++\Drawable.h(844,15): warning C4251: 'Magick::DrawableDensity::_density' : class 'std::basic_string<char,std::char_traits<char>,std::allocator<char>>' nécessite une interface DLL pour être utilisé(e) par les clients de class 'Magick::DrawableDensity'
C:\Program Files (x86)\Microsoft Visual Studio\2019\Professional\VC\Tools\MSVC\14.29.30037\include\xstring(4905): message : voir la déclaration de 'std::basic_string<char,std::char_traits<char>,std::allocator<char>>'
C:\Dev\ImageMagick-7.1.0-Q16-HDRI\include\Magick++\Drawable.h(986,17): warning C4251: 'Magick::DrawableFillPatternUrl::_url' : class 'std::basic_string<char,std::char_traits<char>,std::allocator<char>>' nécessite une interface DLL pour être utilisé(e) par les clients de class 'Magick::DrawableFillPatternUrl'
C:\Program Files (x86)\Microsoft Visual Studio\2019\Professional\VC\Tools\MSVC\14.29.30037\include\xstring(4905): message : voir la déclaration de 'std::basic_string<char,std::char_traits<char>,std::allocator<char>>'
C:\Dev\ImageMagick-7.1.0-Q16-HDRI\include\Magick++\Drawable.h(1081,17): warning C4251: 'Magick::DrawableFont::_font' : class 'std::basic_string<char,std::char_traits<char>,std::allocator<char>>' nécessite une interface DLL pour être utilisé(e) par les clients de class 'Magick::DrawableFont'
C:\Program Files (x86)\Microsoft Visual Studio\2019\Professional\VC\Tools\MSVC\14.29.30037\include\xstring(4905): message : voir la déclaration de 'std::basic_string<char,std::char_traits<char>,std::allocator<char>>'
C:\Dev\ImageMagick-7.1.0-Q16-HDRI\include\Magick++\Drawable.h(1082,17): warning C4251: 'Magick::DrawableFont::_family' : class 'std::basic_string<char,std::char_traits<char>,std::allocator<char>>' nécessite une interface DLL pour être utilisé(e) par les clients de class 'Magick::DrawableFont'
C:\Program Files (x86)\Microsoft Visual Studio\2019\Professional\VC\Tools\MSVC\14.29.30037\include\xstring(4905): message : voir la déclaration de 'std::basic_string<char,std::char_traits<char>,std::allocator<char>>'
C:\Dev\ImageMagick-7.1.0-Q16-HDRI\include\Magick++\Drawable.h(1198,13): warning C4251: 'Magick::DrawablePath::_path' : class 'std::vector<Magick::VPath,std::allocator<Magick::VPath>>' nécessite une interface DLL pour être utilisé(e) par les clients de class 'Magick::DrawablePath'
C:\Dev\ImageMagick-7.1.0-Q16-HDRI\include\Magick++\Drawable.h(207): message : voir la déclaration de 'std::vector<Magick::VPath,std::allocator<Magick::VPath>>'
C:\Dev\ImageMagick-7.1.0-Q16-HDRI\include\Magick++\Drawable.h(1287,18): warning C4251: 'Magick::DrawablePolygon::_coordinates' : class 'std::vector<Magick::Coordinate,std::allocator<Magick::Coordinate>>' nécessite une interface DLL pour être utilisé(e) par les clients de class 'Magick::DrawablePolygon'
C:\Dev\ImageMagick-7.1.0-Q16-HDRI\include\Magick++\Drawable.h(71): message : voir la déclaration de 'std::vector<Magick::Coordinate,std::allocator<Magick::Coordinate>>'
C:\Dev\ImageMagick-7.1.0-Q16-HDRI\include\Magick++\Drawable.h(1307,18): warning C4251: 'Magick::DrawablePolyline::_coordinates' : class 'std::vector<Magick::Coordinate,std::allocator<Magick::Coordinate>>' nécessite une interface DLL pour être utilisé(e) par les clients de class 'Magick::DrawablePolyline'
C:\Dev\ImageMagick-7.1.0-Q16-HDRI\include\Magick++\Drawable.h(71): message : voir la déclaration de 'std::vector<Magick::Coordinate,std::allocator<Magick::Coordinate>>'
C:\Dev\ImageMagick-7.1.0-Q16-HDRI\include\Magick++\Drawable.h(1391,23): warning C4251: 'Magick::DrawablePushPattern::_id' : class 'std::basic_string<char,std::char_traits<char>,std::allocator<char>>' nécessite une interface DLL pour être utilisé(e) par les clients de class 'Magick::DrawablePushPattern'
C:\Program Files (x86)\Microsoft Visual Studio\2019\Professional\VC\Tools\MSVC\14.29.30037\include\xstring(4905): message : voir la déclaration de 'std::basic_string<char,std::char_traits<char>,std::allocator<char>>'
C:\Dev\ImageMagick-7.1.0-Q16-HDRI\include\Magick++\Drawable.h(1877,15): warning C4251: 'Magick::DrawableStrokePatternUrl::_url' : class 'std::basic_string<char,std::char_traits<char>,std::allocator<char>>' nécessite une interface DLL pour être utilisé(e) par les clients de class 'Magick::DrawableStrokePatternUrl'
C:\Program Files (x86)\Microsoft Visual Studio\2019\Professional\VC\Tools\MSVC\14.29.30037\include\xstring(4905): message : voir la déclaration de 'std::basic_string<char,std::char_traits<char>,std::allocator<char>>'
C:\Dev\ImageMagick-7.1.0-Q16-HDRI\include\Magick++\Drawable.h(2053,15): warning C4251: 'Magick::DrawableText::_text' : class 'std::basic_string<char,std::char_traits<char>,std::allocator<char>>' nécessite une interface DLL pour être utilisé(e) par les clients de class 'Magick::DrawableText'
C:\Program Files (x86)\Microsoft Visual Studio\2019\Professional\VC\Tools\MSVC\14.29.30037\include\xstring(4905): message : voir la déclaration de 'std::basic_string<char,std::char_traits<char>,std::allocator<char>>'
C:\Dev\ImageMagick-7.1.0-Q16-HDRI\include\Magick++\Drawable.h(2054,15): warning C4251: 'Magick::DrawableText::_encoding' : class 'std::basic_string<char,std::char_traits<char>,std::allocator<char>>' nécessite une interface DLL pour être utilisé(e) par les clients de class 'Magick::DrawableText'
C:\Program Files (x86)\Microsoft Visual Studio\2019\Professional\VC\Tools\MSVC\14.29.30037\include\xstring(4905): message : voir la déclaration de 'std::basic_string<char,std::char_traits<char>,std::allocator<char>>'
C:\Dev\ImageMagick-7.1.0-Q16-HDRI\include\Magick++\Drawable.h(2489,19): warning C4251: 'Magick::PathArcAbs::_coordinates' : class 'std::vector<Magick::PathArcArgs,std::allocator<Magick::PathArcArgs>>' nécessite une interface DLL pour être utilisé(e) par les clients de class 'Magick::PathArcAbs'
C:\Dev\ImageMagick-7.1.0-Q16-HDRI\include\Magick++\Drawable.h(2454): message : voir la déclaration de 'std::vector<Magick::PathArcArgs,std::allocator<Magick::PathArcArgs>>'
C:\Dev\ImageMagick-7.1.0-Q16-HDRI\include\Magick++\Drawable.h(2511,19): warning C4251: 'Magick::PathArcRel::_coordinates' : class 'std::vector<Magick::PathArcArgs,std::allocator<Magick::PathArcArgs>>' nécessite une interface DLL pour être utilisé(e) par les clients de class 'Magick::PathArcRel'
C:\Dev\ImageMagick-7.1.0-Q16-HDRI\include\Magick++\Drawable.h(2454): message : voir la déclaration de 'std::vector<Magick::PathArcArgs,std::allocator<Magick::PathArcArgs>>'
C:\Dev\ImageMagick-7.1.0-Q16-HDRI\include\Magick++\Drawable.h(2662,23): warning C4251: 'Magick::PathCurvetoAbs::_args' : class 'std::vector<Magick::PathCurvetoArgs,std::allocator<Magick::PathCurvetoArgs>>' nécessite une interface DLL pour être utilisé(e) par les clients de class 'Magick::PathCurvetoAbs'
C:\Dev\ImageMagick-7.1.0-Q16-HDRI\include\Magick++\Drawable.h(2628): message : voir la déclaration de 'std::vector<Magick::PathCurvetoArgs,std::allocator<Magick::PathCurvetoArgs>>'
C:\Dev\ImageMagick-7.1.0-Q16-HDRI\include\Magick++\Drawable.h(2685,23): warning C4251: 'Magick::PathCurvetoRel::_args' : class 'std::vector<Magick::PathCurvetoArgs,std::allocator<Magick::PathCurvetoArgs>>' nécessite une interface DLL pour être utilisé(e) par les clients de class 'Magick::PathCurvetoRel'
C:\Dev\ImageMagick-7.1.0-Q16-HDRI\include\Magick++\Drawable.h(2628): message : voir la déclaration de 'std::vector<Magick::PathCurvetoArgs,std::allocator<Magick::PathCurvetoArgs>>'
C:\Dev\ImageMagick-7.1.0-Q16-HDRI\include\Magick++\Drawable.h(2709,18): warning C4251: 'Magick::PathSmoothCurvetoAbs::_coordinates' : class 'std::vector<Magick::Coordinate,std::allocator<Magick::Coordinate>>' nécessite une interface DLL pour être utilisé(e) par les clients de class 'Magick::PathSmoothCurvetoAbs'
C:\Dev\ImageMagick-7.1.0-Q16-HDRI\include\Magick++\Drawable.h(71): message : voir la déclaration de 'std::vector<Magick::Coordinate,std::allocator<Magick::Coordinate>>'
C:\Dev\ImageMagick-7.1.0-Q16-HDRI\include\Magick++\Drawable.h(2734,18): warning C4251: 'Magick::PathSmoothCurvetoRel::_coordinates' : class 'std::vector<Magick::Coordinate,std::allocator<Magick::Coordinate>>' nécessite une interface DLL pour être utilisé(e) par les clients de class 'Magick::PathSmoothCurvetoRel'
C:\Dev\ImageMagick-7.1.0-Q16-HDRI\include\Magick++\Drawable.h(71): message : voir la déclaration de 'std::vector<Magick::Coordinate,std::allocator<Magick::Coordinate>>'
C:\Dev\ImageMagick-7.1.0-Q16-HDRI\include\Magick++\Drawable.h(2843,32): warning C4251: 'Magick::PathQuadraticCurvetoAbs::_args' : class 'std::vector<Magick::PathQuadraticCurvetoArgs,std::allocator<Magick::PathQuadraticCurvetoArgs>>' nécessite une interface DLL pour être utilisé(e) par les clients de class 'Magick::PathQuadraticCurvetoAbs'
C:\Dev\ImageMagick-7.1.0-Q16-HDRI\include\Magick++\Drawable.h(2809): message : voir la déclaration de 'std::vector<Magick::PathQuadraticCurvetoArgs,std::allocator<Magick::PathQuadraticCurvetoArgs>>'
C:\Dev\ImageMagick-7.1.0-Q16-HDRI\include\Magick++\Drawable.h(2867,32): warning C4251: 'Magick::PathQuadraticCurvetoRel::_args' : class 'std::vector<Magick::PathQuadraticCurvetoArgs,std::allocator<Magick::PathQuadraticCurvetoArgs>>' nécessite une interface DLL pour être utilisé(e) par les clients de class 'Magick::PathQuadraticCurvetoRel'
C:\Dev\ImageMagick-7.1.0-Q16-HDRI\include\Magick++\Drawable.h(2809): message : voir la déclaration de 'std::vector<Magick::PathQuadraticCurvetoArgs,std::allocator<Magick::PathQuadraticCurvetoArgs>>'
C:\Dev\ImageMagick-7.1.0-Q16-HDRI\include\Magick++\Drawable.h(2891,18): warning C4251: 'Magick::PathSmoothQuadraticCurvetoAbs::_coordinates' : class 'std::vector<Magick::Coordinate,std::allocator<Magick::Coordinate>>' nécessite une interface DLL pour être utilisé(e) par les clients de class 'Magick::PathSmoothQuadraticCurvetoAbs'
C:\Dev\ImageMagick-7.1.0-Q16-HDRI\include\Magick++\Drawable.h(71): message : voir la déclaration de 'std::vector<Magick::Coordinate,std::allocator<Magick::Coordinate>>'
C:\Dev\ImageMagick-7.1.0-Q16-HDRI\include\Magick++\Drawable.h(2915,18): warning C4251: 'Magick::PathSmoothQuadraticCurvetoRel::_coordinates' : class 'std::vector<Magick::Coordinate,std::allocator<Magick::Coordinate>>' nécessite une interface DLL pour être utilisé(e) par les clients de class 'Magick::PathSmoothQuadraticCurvetoRel'
C:\Dev\ImageMagick-7.1.0-Q16-HDRI\include\Magick++\Drawable.h(71): message : voir la déclaration de 'std::vector<Magick::Coordinate,std::allocator<Magick::Coordinate>>'
C:\Dev\ImageMagick-7.1.0-Q16-HDRI\include\Magick++\Drawable.h(2943,18): warning C4251: 'Magick::PathLinetoAbs::_coordinates' : class 'std::vector<Magick::Coordinate,std::allocator<Magick::Coordinate>>' nécessite une interface DLL pour être utilisé(e) par les clients de class 'Magick::PathLinetoAbs'
C:\Dev\ImageMagick-7.1.0-Q16-HDRI\include\Magick++\Drawable.h(71): message : voir la déclaration de 'std::vector<Magick::Coordinate,std::allocator<Magick::Coordinate>>'
C:\Dev\ImageMagick-7.1.0-Q16-HDRI\include\Magick++\Drawable.h(2967,18): warning C4251: 'Magick::PathLinetoRel::_coordinates' : class 'std::vector<Magick::Coordinate,std::allocator<Magick::Coordinate>>' nécessite une interface DLL pour être utilisé(e) par les clients de class 'Magick::PathLinetoRel'
C:\Dev\ImageMagick-7.1.0-Q16-HDRI\include\Magick++\Drawable.h(71): message : voir la déclaration de 'std::vector<Magick::Coordinate,std::allocator<Magick::Coordinate>>'
C:\Dev\ImageMagick-7.1.0-Q16-HDRI\include\Magick++\Drawable.h(3109,18): warning C4251: 'Magick::PathMovetoAbs::_coordinates' : class 'std::vector<Magick::Coordinate,std::allocator<Magick::Coordinate>>' nécessite une interface DLL pour être utilisé(e) par les clients de class 'Magick::PathMovetoAbs'
C:\Dev\ImageMagick-7.1.0-Q16-HDRI\include\Magick++\Drawable.h(71): message : voir la déclaration de 'std::vector<Magick::Coordinate,std::allocator<Magick::Coordinate>>'
C:\Dev\ImageMagick-7.1.0-Q16-HDRI\include\Magick++\Drawable.h(3133,18): warning C4251: 'Magick::PathMovetoRel::_coordinates' : class 'std::vector<Magick::Coordinate,std::allocator<Magick::Coordinate>>' nécessite une interface DLL pour être utilisé(e) par les clients de class 'Magick::PathMovetoRel'
C:\Dev\ImageMagick-7.1.0-Q16-HDRI\include\Magick++\Drawable.h(71): message : voir la déclaration de 'std::vector<Magick::Coordinate,std::allocator<Magick::Coordinate>>'
C:\Dev\ImageMagick-7.1.0-Q16-HDRI\include\Magick++\Exception.h(23,3): warning C4275: interface non dll class 'std::exception' utilisée comme base d'une interface dll class 'Magick::Exception'
C:\Program Files (x86)\Microsoft Visual Studio\2019\Professional\VC\Tools\MSVC\14.29.30037\include\vcruntime_exception.h(48): message : voir la déclaration de 'std::exception'
C:\Dev\ImageMagick-7.1.0-Q16-HDRI\include\Magick++\Exception.h(22): message : voir la déclaration de 'Magick::Exception'
C:\Dev\ImageMagick-7.1.0-Q16-HDRI\include\Magick++\Exception.h(56,17): warning C4251: 'Magick::Exception::_what' : class 'std::basic_string<char,std::char_traits<char>,std::allocator<char>>' nécessite une interface DLL pour être utilisé(e) par les clients de class 'Magick::Exception'
C:\Program Files (x86)\Microsoft Visual Studio\2019\Professional\VC\Tools\MSVC\14.29.30037\include\xstring(4905): message : voir la déclaration de 'std::basic_string<char,std::char_traits<char>,std::allocator<char>>'
C:\Dev\ImageMagick-7.1.0-Q16-HDRI\include\Magick++\Statistic.h(70,25): warning C4251: 'Magick::ChannelMoments::_huInvariants' : class 'std::vector<double,std::allocator<double>>' nécessite une interface DLL pour être utilisé(e) par les clients de class 'Magick::ChannelMoments'
C:\Dev\ImageMagick-7.1.0-Q16-HDRI\include\Magick++\Statistic.h(70): message : voir la déclaration de 'std::vector<double,std::allocator<double>>'
C:\Dev\ImageMagick-7.1.0-Q16-HDRI\include\Magick++\Statistic.h(125,25): warning C4251: 'Magick::ChannelPerceptualHash::_srgbHuPhash' : class 'std::vector<double,std::allocator<double>>' nécessite une interface DLL pour être utilisé(e) par les clients de class 'Magick::ChannelPerceptualHash'
C:\Dev\ImageMagick-7.1.0-Q16-HDRI\include\Magick++\Statistic.h(70): message : voir la déclaration de 'std::vector<double,std::allocator<double>>'
C:\Dev\ImageMagick-7.1.0-Q16-HDRI\include\Magick++\Statistic.h(126,25): warning C4251: 'Magick::ChannelPerceptualHash::_hclpHuPhash' : class 'std::vector<double,std::allocator<double>>' nécessite une interface DLL pour être utilisé(e) par les clients de class 'Magick::ChannelPerceptualHash'
C:\Dev\ImageMagick-7.1.0-Q16-HDRI\include\Magick++\Statistic.h(70): message : voir la déclaration de 'std::vector<double,std::allocator<double>>'
C:\Dev\ImageMagick-7.1.0-Q16-HDRI\include\Magick++\Statistic.h(240,33): warning C4251: 'Magick::ImageMoments::_channels' : class 'std::vector<Magick::ChannelMoments,std::allocator<Magick::ChannelMoments>>' nécessite une interface DLL pour être utilisé(e) par les clients de class 'Magick::ImageMoments'
C:\Dev\ImageMagick-7.1.0-Q16-HDRI\include\Magick++\Statistic.h(240): message : voir la déclaration de 'std::vector<Magick::ChannelMoments,std::allocator<Magick::ChannelMoments>>'
C:\Dev\ImageMagick-7.1.0-Q16-HDRI\include\Magick++\Statistic.h(278,40): warning C4251: 'Magick::ImagePerceptualHash::_channels' : class 'std::vector<Magick::ChannelPerceptualHash,std::allocator<Magick::ChannelPerceptualHash>>' nécessite une interface DLL pour être utilisé(e) par les clients de class 'Magick::ImagePerceptualHash'
C:\Dev\ImageMagick-7.1.0-Q16-HDRI\include\Magick++\Statistic.h(278): message : voir la déclaration de 'std::vector<Magick::ChannelPerceptualHash,std::allocator<Magick::ChannelPerceptualHash>>'
C:\Dev\ImageMagick-7.1.0-Q16-HDRI\include\Magick++\Statistic.h(303,36): warning C4251: 'Magick::ImageStatistics::_channels' : class 'std::vector<Magick::ChannelStatistics,std::allocator<Magick::ChannelStatistics>>' nécessite une interface DLL pour être utilisé(e) par les clients de class 'Magick::ImageStatistics'
C:\Dev\ImageMagick-7.1.0-Q16-HDRI\include\Magick++\Statistic.h(303): message : voir la déclaration de 'std::vector<Magick::ChannelStatistics,std::allocator<Magick::ChannelStatistics>>'
C:\Dev\ImageMagick-7.1.0-Q16-HDRI\include\Magick++\CoderInfo.h(76,17): warning C4251: 'Magick::CoderInfo::_description' : class 'std::basic_string<char,std::char_traits<char>,std::allocator<char>>' nécessite une interface DLL pour être utilisé(e) par les clients de class 'Magick::CoderInfo'
C:\Program Files (x86)\Microsoft Visual Studio\2019\Professional\VC\Tools\MSVC\14.29.30037\include\xstring(4905): message : voir la déclaration de 'std::basic_string<char,std::char_traits<char>,std::allocator<char>>'
C:\Dev\ImageMagick-7.1.0-Q16-HDRI\include\Magick++\CoderInfo.h(81,17): warning C4251: 'Magick::CoderInfo::_mimeType' : class 'std::basic_string<char,std::char_traits<char>,std::allocator<char>>' nécessite une interface DLL pour être utilisé(e) par les clients de class 'Magick::CoderInfo'
C:\Program Files (x86)\Microsoft Visual Studio\2019\Professional\VC\Tools\MSVC\14.29.30037\include\xstring(4905): message : voir la déclaration de 'std::basic_string<char,std::char_traits<char>,std::allocator<char>>'
C:\Dev\ImageMagick-7.1.0-Q16-HDRI\include\Magick++\CoderInfo.h(82,17): warning C4251: 'Magick::CoderInfo::_module' : class 'std::basic_string<char,std::char_traits<char>,std::allocator<char>>' nécessite une interface DLL pour être utilisé(e) par les clients de class 'Magick::CoderInfo'
C:\Program Files (x86)\Microsoft Visual Studio\2019\Professional\VC\Tools\MSVC\14.29.30037\include\xstring(4905): message : voir la déclaration de 'std::basic_string<char,std::char_traits<char>,std::allocator<char>>'
C:\Dev\ImageMagick-7.1.0-Q16-HDRI\include\Magick++\CoderInfo.h(83,17): warning C4251: 'Magick::CoderInfo::_name' : class 'std::basic_string<char,std::char_traits<char>,std::allocator<char>>' nécessite une interface DLL pour être utilisé(e) par les clients de class 'Magick::CoderInfo'
C:\Program Files (x86)\Microsoft Visual Studio\2019\Professional\VC\Tools\MSVC\14.29.30037\include\xstring(4905): message : voir la déclaration de 'std::basic_string<char,std::char_traits<char>,std::allocator<char>>'
C:\Dev\ImageMagick-7.1.0-Q16-HDRI\include\Magick++\Montage.h(98,17): warning C4251: 'Magick::Montage::_fileName' : class 'std::basic_string<char,std::char_traits<char>,std::allocator<char>>' nécessite une interface DLL pour être utilisé(e) par les clients de class 'Magick::Montage'
C:\Program Files (x86)\Microsoft Visual Studio\2019\Professional\VC\Tools\MSVC\14.29.30037\include\xstring(4905): message : voir la déclaration de 'std::basic_string<char,std::char_traits<char>,std::allocator<char>>'
C:\Dev\ImageMagick-7.1.0-Q16-HDRI\include\Magick++\Montage.h(100,17): warning C4251: 'Magick::Montage::_font' : class 'std::basic_string<char,std::char_traits<char>,std::allocator<char>>' nécessite une interface DLL pour être utilisé(e) par les clients de class 'Magick::Montage'
C:\Program Files (x86)\Microsoft Visual Studio\2019\Professional\VC\Tools\MSVC\14.29.30037\include\xstring(4905): message : voir la déclaration de 'std::basic_string<char,std::char_traits<char>,std::allocator<char>>'
C:\Dev\ImageMagick-7.1.0-Q16-HDRI\include\Magick++\Montage.h(103,17): warning C4251: 'Magick::Montage::_label' : class 'std::basic_string<char,std::char_traits<char>,std::allocator<char>>' nécessite une interface DLL pour être utilisé(e) par les clients de class 'Magick::Montage'
C:\Program Files (x86)\Microsoft Visual Studio\2019\Professional\VC\Tools\MSVC\14.29.30037\include\xstring(4905): message : voir la déclaration de 'std::basic_string<char,std::char_traits<char>,std::allocator<char>>'
C:\Dev\ImageMagick-7.1.0-Q16-HDRI\include\Magick++\Montage.h(107,17): warning C4251: 'Magick::Montage::_texture' : class 'std::basic_string<char,std::char_traits<char>,std::allocator<char>>' nécessite une interface DLL pour être utilisé(e) par les clients de class 'Magick::Montage'
C:\Program Files (x86)\Microsoft Visual Studio\2019\Professional\VC\Tools\MSVC\14.29.30037\include\xstring(4905): message : voir la déclaration de 'std::basic_string<char,std::char_traits<char>,std::allocator<char>>'
C:\Dev\ImageMagick-7.1.0-Q16-HDRI\include\Magick++\Montage.h(109,17): warning C4251: 'Magick::Montage::_title' : class 'std::basic_string<char,std::char_traits<char>,std::allocator<char>>' nécessite une interface DLL pour être utilisé(e) par les clients de class 'Magick::Montage'
C:\Program Files (x86)\Microsoft Visual Studio\2019\Professional\VC\Tools\MSVC\14.29.30037\include\xstring(4905): message : voir la déclaration de 'std::basic_string<char,std::char_traits<char>,std::allocator<char>>'
C:\Dev\ImageMagick-7.1.0-Q16-HDRI\include\Magick++\STL.h(132,25): warning C4251: 'Magick::annotateImage::_text' : class 'std::basic_string<char,std::char_traits<char>,std::allocator<char>>' nécessite une interface DLL pour être utilisé(e) par les clients de class 'Magick::annotateImage'
C:\Program Files (x86)\Microsoft Visual Studio\2019\Professional\VC\Tools\MSVC\14.29.30037\include\xstring(4905): message : voir la déclaration de 'std::basic_string<char,std::char_traits<char>,std::allocator<char>>'
C:\Dev\ImageMagick-7.1.0-Q16-HDRI\include\Magick++\STL.h(211,19): warning C4251: 'Magick::cdlImage::_cdl' : class 'std::basic_string<char,std::char_traits<char>,std::allocator<char>>' nécessite une interface DLL pour être utilisé(e) par les clients de class 'Magick::cdlImage'
C:\Program Files (x86)\Microsoft Visual Studio\2019\Professional\VC\Tools\MSVC\14.29.30037\include\xstring(4905): message : voir la déclaration de 'std::basic_string<char,std::char_traits<char>,std::allocator<char>>'
C:\Dev\ImageMagick-7.1.0-Q16-HDRI\include\Magick++\STL.h(271,17): warning C4251: 'Magick::commentImage::_comment' : class 'std::basic_string<char,std::char_traits<char>,std::allocator<char>>' nécessite une interface DLL pour être utilisé(e) par les clients de class 'Magick::commentImage'
C:\Program Files (x86)\Microsoft Visual Studio\2019\Professional\VC\Tools\MSVC\14.29.30037\include\xstring(4905): message : voir la déclaration de 'std::basic_string<char,std::char_traits<char>,std::allocator<char>>'
C:\Dev\ImageMagick-7.1.0-Q16-HDRI\include\Magick++\STL.h(383,18): warning C4251: 'Magick::drawImage::_drawableList' : class 'std::vector<Magick::Drawable,std::allocator<Magick::Drawable>>' nécessite une interface DLL pour être utilisé(e) par les clients de class 'Magick::drawImage'
C:\Dev\ImageMagick-7.1.0-Q16-HDRI\include\Magick++\Drawable.h(144): message : voir la déclaration de 'std::vector<Magick::Drawable,std::allocator<Magick::Drawable>>'
C:\Dev\ImageMagick-7.1.0-Q16-HDRI\include\Magick++\STL.h(662,17): warning C4251: 'Magick::labelImage::_label' : class 'std::basic_string<char,std::char_traits<char>,std::allocator<char>>' nécessite une interface DLL pour être utilisé(e) par les clients de class 'Magick::labelImage'
C:\Program Files (x86)\Microsoft Visual Studio\2019\Professional\VC\Tools\MSVC\14.29.30037\include\xstring(4905): message : voir la déclaration de 'std::basic_string<char,std::char_traits<char>,std::allocator<char>>'
C:\Dev\ImageMagick-7.1.0-Q16-HDRI\include\Magick++\STL.h(1292,17): warning C4251: 'Magick::backgroundTextureImage::_backgroundTexture' : class 'std::basic_string<char,std::char_traits<char>,std::allocator<char>>' nécessite une interface DLL pour être utilisé(e) par les clients de class 'Magick::backgroundTextureImage'
C:\Program Files (x86)\Microsoft Visual Studio\2019\Professional\VC\Tools\MSVC\14.29.30037\include\xstring(4905): message : voir la déclaration de 'std::basic_string<char,std::char_traits<char>,std::allocator<char>>'
C:\Dev\ImageMagick-7.1.0-Q16-HDRI\include\Magick++\STL.h(1471,17): warning C4251: 'Magick::fileNameImage::_fileName' : class 'std::basic_string<char,std::char_traits<char>,std::allocator<char>>' nécessite une interface DLL pour être utilisé(e) par les clients de class 'Magick::fileNameImage'
C:\Program Files (x86)\Microsoft Visual Studio\2019\Professional\VC\Tools\MSVC\14.29.30037\include\xstring(4905): message : voir la déclaration de 'std::basic_string<char,std::char_traits<char>,std::allocator<char>>'
C:\Dev\ImageMagick-7.1.0-Q16-HDRI\include\Magick++\STL.h(1495,17): warning C4251: 'Magick::fontImage::_font' : class 'std::basic_string<char,std::char_traits<char>,std::allocator<char>>' nécessite une interface DLL pour être utilisé(e) par les clients de class 'Magick::fontImage'
C:\Program Files (x86)\Microsoft Visual Studio\2019\Professional\VC\Tools\MSVC\14.29.30037\include\xstring(4905): message : voir la déclaration de 'std::basic_string<char,std::char_traits<char>,std::allocator<char>>'
C:\Dev\ImageMagick-7.1.0-Q16-HDRI\include\Magick++\STL.h(1543,17): warning C4251: 'Magick::magickImage::_magick' : class 'std::basic_string<char,std::char_traits<char>,std::allocator<char>>' nécessite une interface DLL pour être utilisé(e) par les clients de class 'Magick::magickImage'
C:\Program Files (x86)\Microsoft Visual Studio\2019\Professional\VC\Tools\MSVC\14.29.30037\include\xstring(4905): message : voir la déclaration de 'std::basic_string<char,std::char_traits<char>,std::allocator<char>>'
C:\Dev\ImageMagick-7.1.0-Q16-HDRI\include\Magick++\STL.h(1840,17): warning C4251: 'Magick::x11DisplayImage::_display' : class 'std::basic_string<char,std::char_traits<char>,std::allocator<char>>' nécessite une interface DLL pour être utilisé(e) par les clients de class 'Magick::x11DisplayImage'
C:\Program Files (x86)\Microsoft Visual Studio\2019\Professional\VC\Tools\MSVC\14.29.30037\include\xstring(4905): message : voir la déclaration de 'std::basic_string<char,std::char_traits<char>,std::allocator<char>>'
  Génération de code en cours...
  Tuto OpenGL MODERNE.vcxproj -> C:\Users\Eleve\Documents\COURS\p1rv\Tuto OpenGL MODERNE\x64\Debug\Tuto OpenGL MODERNE.exe
